<?xml version="1.0" encoding="UTF-8"?>
<coverage generated="1607955626">
  <project timestamp="1607955626">
    <file name="C:\xampp\htdocs\music-queuer\component\CustomElement\CustomElementController.php">
      <class name="Neoan3\Component\CustomElement\CustomElementController" namespace="global">
        <metrics complexity="1" methods="1" coveredmethods="1" conditionals="0" coveredconditionals="0" statements="2" coveredstatements="2" elements="3" coveredelements="3"/>
      </class>
      <line num="24" type="method" name="getCustomElement" visibility="public" complexity="1" crap="1" count="1"/>
      <line num="26" type="stmt" count="1"/>
      <line num="27" type="stmt" count="1"/>
      <line num="30" type="stmt" count="1"/>
      <metrics loc="29" ncloc="26" classes="1" methods="1" coveredmethods="1" conditionals="0" coveredconditionals="0" statements="2" coveredstatements="2" elements="3" coveredelements="3"/>
    </file>
    <file name="C:\xampp\htdocs\music-queuer\component\Demo\DemoController.php">
      <class name="Neoan3\Component\Demo\DemoController" namespace="global">
        <metrics complexity="2" methods="1" coveredmethods="1" conditionals="0" coveredconditionals="0" statements="14" coveredstatements="14" elements="15" coveredelements="15"/>
      </class>
      <line num="17" type="method" name="init" visibility="public" complexity="2" crap="2" count="1"/>
      <line num="19" type="stmt" count="1"/>
      <line num="20" type="stmt" count="1"/>
      <line num="21" type="stmt" count="1"/>
      <line num="23" type="stmt" count="1"/>
      <line num="24" type="stmt" count="1"/>
      <line num="25" type="stmt" count="1"/>
      <line num="26" type="stmt" count="1"/>
      <line num="27" type="stmt" count="1"/>
      <line num="28" type="stmt" count="1"/>
      <line num="30" type="stmt" count="1"/>
      <line num="31" type="stmt" count="1"/>
      <line num="32" type="stmt" count="1"/>
      <line num="33" type="stmt" count="1"/>
      <line num="34" type="stmt" count="1"/>
      <metrics loc="35" ncloc="28" classes="1" methods="1" coveredmethods="1" conditionals="0" coveredconditionals="0" statements="14" coveredstatements="14" elements="15" coveredelements="15"/>
    </file>
    <file name="C:\xampp\htdocs\music-queuer\component\Endpoint\EndpointController.php">
      <class name="Neoan3\Component\Endpoint\EndpointController" namespace="global">
        <metrics complexity="1" methods="1" coveredmethods="1" conditionals="0" coveredconditionals="0" statements="3" coveredstatements="3" elements="4" coveredelements="4"/>
      </class>
      <line num="35" type="method" name="getEndpoint" visibility="public" complexity="1" crap="1" count="1"/>
      <line num="37" type="stmt" count="1"/>
      <line num="38" type="stmt" count="1"/>
      <line num="39" type="stmt" count="1"/>
      <metrics loc="42" ncloc="18" classes="1" methods="1" coveredmethods="1" conditionals="0" coveredconditionals="0" statements="3" coveredstatements="3" elements="4" coveredelements="4"/>
    </file>
    <file name="C:\xampp\htdocs\music-queuer\component\Migrate\MigrateController.php">
      <class name="Neoan3\Component\Migrate\MigrateController" namespace="global">
        <metrics complexity="6" methods="4" coveredmethods="2" conditionals="0" coveredconditionals="0" statements="22" coveredstatements="20" elements="26" coveredelements="22"/>
      </class>
      <line num="18" type="method" name="__construct" visibility="public" complexity="1" crap="1.01" count="2"/>
      <line num="20" type="stmt" count="2"/>
      <line num="21" type="stmt" count="2"/>
      <line num="22" type="stmt" count="0"/>
      <line num="23" type="stmt" count="2"/>
      <line num="24" type="stmt" count="2"/>
      <line num="29" type="method" name="init" visibility="public" complexity="1" crap="1" count="1"/>
      <line num="32" type="stmt" count="1"/>
      <line num="33" type="stmt" count="1"/>
      <line num="34" type="stmt" count="1"/>
      <line num="36" type="stmt" count="1"/>
      <line num="37" type="stmt" count="1"/>
      <line num="38" type="stmt" count="1"/>
      <line num="40" type="method" name="postMigrate" visibility="public" complexity="2" crap="2" count="1"/>
      <line num="42" type="stmt" count="1"/>
      <line num="43" type="stmt" count="1"/>
      <line num="44" type="stmt" count="1"/>
      <line num="46" type="stmt" count="1"/>
      <line num="49" type="method" name="migrateFiles" visibility="private" complexity="2" crap="2.01" count="1"/>
      <line num="51" type="stmt" count="1"/>
      <line num="52" type="stmt" count="1"/>
      <line num="53" type="stmt" count="1"/>
      <line num="54" type="stmt" count="0"/>
      <line num="55" type="stmt" count="1"/>
      <line num="56" type="stmt" count="1"/>
      <line num="59" type="stmt" count="1"/>
      <line num="62" type="stmt" count="1"/>
      <metrics loc="61" ncloc="52" classes="1" methods="4" coveredmethods="2" conditionals="0" coveredconditionals="0" statements="22" coveredstatements="20" elements="26" coveredelements="22"/>
    </file>
    <file name="C:\xampp\htdocs\music-queuer\component\NotFound\NotFoundController.php">
      <class name="Neoan3\Component\NotFound\NotFoundController" namespace="global">
        <metrics complexity="1" methods="1" coveredmethods="1" conditionals="0" coveredconditionals="0" statements="2" coveredstatements="2" elements="3" coveredelements="3"/>
      </class>
      <line num="13" type="method" name="init" visibility="public" complexity="1" crap="1" count="1"/>
      <line num="15" type="stmt" count="1"/>
      <line num="16" type="stmt" count="1"/>
      <metrics loc="19" ncloc="15" classes="1" methods="1" coveredmethods="1" conditionals="0" coveredconditionals="0" statements="2" coveredstatements="2" elements="3" coveredelements="3"/>
    </file>
    <file name="C:\xampp\htdocs\music-queuer\frame\Demo\Demo.php">
      <class name="Neoan3\Frame\Demo" namespace="global">
        <metrics complexity="4" methods="2" coveredmethods="1" conditionals="0" coveredconditionals="0" statements="18" coveredstatements="16" elements="20" coveredelements="17"/>
      </class>
      <line num="39" type="method" name="__construct" visibility="public" complexity="3" crap="3.02" count="4"/>
      <line num="41" type="stmt" count="4"/>
      <line num="42" type="stmt" count="4"/>
      <line num="43" type="stmt" count="4"/>
      <line num="44" type="stmt" count="4"/>
      <line num="45" type="stmt" count="4"/>
      <line num="46" type="stmt" count="4"/>
      <line num="47" type="stmt" count="4"/>
      <line num="49" type="stmt" count="4"/>
      <line num="50" type="stmt" count="4"/>
      <line num="51" type="stmt" count="4"/>
      <line num="53" type="stmt" count="0"/>
      <line num="54" type="stmt" count="0"/>
      <line num="56" type="stmt" count="4"/>
      <line num="57" type="stmt" count="4"/>
      <line num="58" type="stmt" count="4"/>
      <line num="64" type="method" name="constants" visibility="public" complexity="1" crap="1" count="4"/>
      <line num="67" type="stmt" count="4"/>
      <line num="78" type="stmt" count="4"/>
      <line num="79" type="stmt" count="4"/>
      <metrics loc="83" ncloc="60" classes="1" methods="2" coveredmethods="1" conditionals="0" coveredconditionals="0" statements="18" coveredstatements="16" elements="20" coveredelements="17"/>
    </file>
    <file name="C:\xampp\htdocs\music-queuer\model\Artist\ArtistModel.php">
      <class name="Neoan3\Model\Artist\ArtistModel" namespace="global">
        <metrics complexity="5" methods="2" coveredmethods="1" conditionals="0" coveredconditionals="0" statements="8" coveredstatements="7" elements="10" coveredelements="8"/>
      </class>
      <line num="32" type="method" name="__callStatic" visibility="public" complexity="2" crap="2.06" count="3"/>
      <line num="34" type="stmt" count="3"/>
      <line num="35" type="stmt" count="3"/>
      <line num="36" type="stmt" count="3"/>
      <line num="38" type="stmt" count="0"/>
      <line num="45" type="method" name="init" visibility="public" complexity="3" crap="3" count="3"/>
      <line num="47" type="stmt" count="3"/>
      <line num="48" type="stmt" count="3"/>
      <line num="49" type="stmt" count="3"/>
      <line num="52" type="stmt" count="3"/>
      <line num="54" type="stmt" count="1"/>
      <metrics loc="53" ncloc="32" classes="1" methods="2" coveredmethods="1" conditionals="0" coveredconditionals="0" statements="8" coveredstatements="7" elements="10" coveredelements="8"/>
    </file>
    <file name="C:\xampp\htdocs\music-queuer\provider\Auth\Auth.php">
      <line num="14" type="stmt" count="1"/>
      <metrics loc="13" ncloc="13" classes="0" methods="0" coveredmethods="0" conditionals="0" coveredconditionals="0" statements="0" coveredstatements="0" elements="0" coveredelements="0"/>
    </file>
    <file name="C:\xampp\htdocs\music-queuer\provider\Auth\AuthObject.php">
      <class name="Neoan3\Provider\Auth\AuthObject" namespace="global">
        <metrics complexity="10" methods="10" coveredmethods="10" conditionals="0" coveredconditionals="0" statements="17" coveredstatements="17" elements="27" coveredelements="27"/>
      </class>
      <line num="14" type="method" name="__construct" visibility="public" complexity="1" crap="1" count="7"/>
      <line num="16" type="stmt" count="7"/>
      <line num="17" type="stmt" count="7"/>
      <line num="18" type="stmt" count="7"/>
      <line num="19" type="stmt" count="7"/>
      <line num="21" type="method" name="setScope" visibility="public" complexity="1" crap="1" count="7"/>
      <line num="23" type="stmt" count="7"/>
      <line num="24" type="stmt" count="7"/>
      <line num="26" type="method" name="getScope" visibility="public" complexity="1" crap="1" count="1"/>
      <line num="28" type="stmt" count="1"/>
      <line num="31" type="method" name="setUserId" visibility="public" complexity="1" crap="1" count="7"/>
      <line num="33" type="stmt" count="7"/>
      <line num="34" type="stmt" count="7"/>
      <line num="36" type="method" name="getUserId" visibility="public" complexity="1" crap="1" count="4"/>
      <line num="38" type="stmt" count="4"/>
      <line num="41" type="method" name="setPayload" visibility="public" complexity="1" crap="1" count="7"/>
      <line num="43" type="stmt" count="7"/>
      <line num="44" type="stmt" count="7"/>
      <line num="46" type="method" name="getPayload" visibility="public" complexity="1" crap="1" count="1"/>
      <line num="48" type="stmt" count="1"/>
      <line num="52" type="method" name="setToken" visibility="public" complexity="1" crap="1" count="4"/>
      <line num="54" type="stmt" count="4"/>
      <line num="55" type="stmt" count="4"/>
      <line num="57" type="method" name="getToken" visibility="public" complexity="1" crap="1" count="1"/>
      <line num="59" type="stmt" count="1"/>
      <line num="62" type="method" name="__toString" visibility="public" complexity="1" crap="1" count="2"/>
      <line num="64" type="stmt" count="2"/>
      <line num="66" type="stmt" count="1"/>
      <metrics loc="65" ncloc="65" classes="1" methods="10" coveredmethods="10" conditionals="0" coveredconditionals="0" statements="17" coveredstatements="17" elements="27" coveredelements="27"/>
    </file>
    <file name="C:\xampp\htdocs\music-queuer\provider\Auth\AuthObjectDeclaration.php">
      <line num="19" type="stmt" count="1"/>
      <metrics loc="18" ncloc="18" classes="0" methods="0" coveredmethods="0" conditionals="0" coveredconditionals="0" statements="0" coveredstatements="0" elements="0" coveredelements="0"/>
    </file>
    <file name="C:\xampp\htdocs\music-queuer\provider\Auth\JwtWrapper.php">
      <class name="Neoan3\Provider\Auth\JwtWrapper" namespace="global">
        <metrics complexity="11" methods="5" coveredmethods="5" conditionals="0" coveredconditionals="0" statements="23" coveredstatements="23" elements="28" coveredelements="28"/>
      </class>
      <line num="21" type="method" name="setSecret" visibility="public" complexity="1" crap="1" count="5"/>
      <line num="23" type="stmt" count="5"/>
      <line num="24" type="stmt" count="5"/>
      <line num="31" type="method" name="validate" visibility="public" complexity="5" crap="5" count="5"/>
      <line num="33" type="stmt" count="5"/>
      <line num="34" type="stmt" count="5"/>
      <line num="37" type="stmt" count="5"/>
      <line num="38" type="stmt" count="4"/>
      <line num="39" type="stmt" count="4"/>
      <line num="40" type="stmt" count="4"/>
      <line num="41" type="stmt" count="4"/>
      <line num="44" type="stmt" count="4"/>
      <line num="45" type="stmt" count="4"/>
      <line num="46" type="stmt" count="4"/>
      <line num="47" type="stmt" count="1"/>
      <line num="48" type="stmt" count="1"/>
      <line num="57" type="method" name="restrict" visibility="public" complexity="2" crap="2" count="2"/>
      <line num="60" type="stmt" count="2"/>
      <line num="61" type="stmt" count="1"/>
      <line num="62" type="stmt" count="1"/>
      <line num="63" type="stmt" count="1"/>
      <line num="74" type="method" name="assign" visibility="public" complexity="2" crap="2" count="5"/>
      <line num="77" type="stmt" count="5"/>
      <line num="78" type="stmt" count="4"/>
      <line num="79" type="stmt" count="1"/>
      <line num="80" type="stmt" count="1"/>
      <line num="84" type="method" name="logout" visibility="public" complexity="1" crap="1" count="1"/>
      <line num="86" type="stmt" count="1"/>
      <line num="88" type="stmt" count="1"/>
      <metrics loc="87" ncloc="63" classes="1" methods="5" coveredmethods="5" conditionals="0" coveredconditionals="0" statements="23" coveredstatements="23" elements="28" coveredelements="28"/>
    </file>
    <file name="C:\xampp\htdocs\music-queuer\provider\Auth\SessionWrapper.php">
      <class name="Neoan3\Provider\Auth\SessionWrapper" namespace="global">
        <metrics complexity="11" methods="6" coveredmethods="6" conditionals="0" coveredconditionals="0" statements="20" coveredstatements="20" elements="26" coveredelements="26"/>
      </class>
      <line num="22" type="method" name="__construct" visibility="public" complexity="2" crap="2" count="8"/>
      <line num="24" type="stmt" count="8"/>
      <line num="25" type="stmt" count="1"/>
      <line num="27" type="stmt" count="8"/>
      <line num="32" type="method" name="setSecret" visibility="public" complexity="1" crap="1" count="8"/>
      <line num="34" type="stmt" count="8"/>
      <line num="35" type="stmt" count="8"/>
      <line num="42" type="method" name="validate" visibility="public" complexity="2" crap="2" count="4"/>
      <line num="44" type="stmt" count="4"/>
      <line num="45" type="stmt" count="3"/>
      <line num="46" type="stmt" count="3"/>
      <line num="48" type="stmt" count="1"/>
      <line num="57" type="method" name="restrict" visibility="public" complexity="3" crap="3" count="2"/>
      <line num="59" type="stmt" count="2"/>
      <line num="61" type="stmt" count="2"/>
      <line num="62" type="stmt" count="1"/>
      <line num="63" type="stmt" count="1"/>
      <line num="64" type="stmt" count="1"/>
      <line num="76" type="method" name="assign" visibility="public" complexity="2" crap="2" count="3"/>
      <line num="78" type="stmt" count="3"/>
      <line num="79" type="stmt" count="3"/>
      <line num="80" type="stmt" count="1"/>
      <line num="82" type="stmt" count="3"/>
      <line num="88" type="method" name="logout" visibility="public" complexity="1" crap="1" count="1"/>
      <line num="90" type="stmt" count="1"/>
      <line num="91" type="stmt" count="1"/>
      <line num="93" type="stmt" count="1"/>
      <metrics loc="92" ncloc="61" classes="1" methods="6" coveredmethods="6" conditionals="0" coveredconditionals="0" statements="20" coveredstatements="20" elements="26" coveredelements="26"/>
    </file>
    <file name="C:\xampp\htdocs\music-queuer\provider\FileSystem\File.php">
      <class name="Neoan3\Provider\FileSystem\File" namespace="global">
        <metrics complexity="5" methods="5" coveredmethods="5" conditionals="0" coveredconditionals="0" statements="5" coveredstatements="5" elements="10" coveredelements="10"/>
      </class>
      <line num="9" type="method" name="getContents" visibility="public" complexity="1" crap="1" count="2"/>
      <line num="11" type="stmt" count="2"/>
      <line num="13" type="method" name="putContents" visibility="public" complexity="1" crap="1" count="1"/>
      <line num="15" type="stmt" count="1"/>
      <line num="17" type="method" name="exists" visibility="public" complexity="1" crap="1" count="1"/>
      <line num="19" type="stmt" count="1"/>
      <line num="21" type="method" name="glob" visibility="public" complexity="1" crap="1" count="1"/>
      <line num="23" type="stmt" count="1"/>
      <line num="26" type="method" name="delete" visibility="public" complexity="1" crap="1" count="1"/>
      <line num="28" type="stmt" count="1"/>
      <line num="30" type="stmt" count="1"/>
      <metrics loc="29" ncloc="29" classes="1" methods="5" coveredmethods="5" conditionals="0" coveredconditionals="0" statements="5" coveredstatements="5" elements="10" coveredelements="10"/>
    </file>
    <file name="C:\xampp\htdocs\music-queuer\provider\FileSystem\MockFile.php">
      <class name="Neoan3\Provider\FileSystem\MockFile" namespace="global">
        <metrics complexity="7" methods="5" coveredmethods="5" conditionals="0" coveredconditionals="0" statements="13" coveredstatements="13" elements="18" coveredelements="18"/>
      </class>
      <line num="10" type="method" name="getContents" visibility="public" complexity="1" crap="1" count="1"/>
      <line num="12" type="stmt" count="1"/>
      <line num="14" type="method" name="putContents" visibility="public" complexity="1" crap="1" count="3"/>
      <line num="16" type="stmt" count="3"/>
      <line num="17" type="stmt" count="3"/>
      <line num="19" type="method" name="exists" visibility="public" complexity="1" crap="1" count="2"/>
      <line num="21" type="stmt" count="2"/>
      <line num="23" type="method" name="glob" visibility="public" complexity="3" crap="3" count="1"/>
      <line num="25" type="stmt" count="1"/>
      <line num="26" type="stmt" count="1"/>
      <line num="27" type="stmt" count="1"/>
      <line num="28" type="stmt" count="1"/>
      <line num="29" type="stmt" count="1"/>
      <line num="30" type="stmt" count="1"/>
      <line num="33" type="stmt" count="1"/>
      <line num="36" type="method" name="delete" visibility="public" complexity="1" crap="1" count="1"/>
      <line num="38" type="stmt" count="1"/>
      <line num="39" type="stmt" count="1"/>
      <line num="40" type="stmt" count="1"/>
      <metrics loc="39" ncloc="39" classes="1" methods="5" coveredmethods="5" conditionals="0" coveredconditionals="0" statements="13" coveredstatements="13" elements="18" coveredelements="18"/>
    </file>
    <file name="C:\xampp\htdocs\music-queuer\provider\FileSystem\Native.php">
      <line num="18" type="stmt" count="1"/>
      <metrics loc="17" ncloc="17" classes="0" methods="0" coveredmethods="0" conditionals="0" coveredconditionals="0" statements="0" coveredstatements="0" elements="0" coveredelements="0"/>
    </file>
    <file name="C:\xampp\htdocs\music-queuer\provider\Model\Model.php">
      <line num="19" type="stmt" count="1"/>
      <metrics loc="18" ncloc="9" classes="0" methods="0" coveredmethods="0" conditionals="0" coveredconditionals="0" statements="0" coveredstatements="0" elements="0" coveredelements="0"/>
    </file>
    <file name="C:\xampp\htdocs\music-queuer\provider\MySql\Database.php">
      <line num="12" type="stmt" count="1"/>
      <metrics loc="11" ncloc="11" classes="0" methods="0" coveredmethods="0" conditionals="0" coveredconditionals="0" statements="0" coveredstatements="0" elements="0" coveredelements="0"/>
    </file>
    <file name="C:\xampp\htdocs\music-queuer\provider\MySql\DatabaseWrapper.php">
      <class name="Neoan3\Provider\MySql\DatabaseWrapper" namespace="global">
        <metrics complexity="7" methods="4" coveredmethods="4" conditionals="0" coveredconditionals="0" statements="11" coveredstatements="11" elements="15" coveredelements="15"/>
      </class>
      <line num="22" type="method" name="connect" visibility="public" complexity="1" crap="1" count="2"/>
      <line num="24" type="stmt" count="2"/>
      <line num="25" type="stmt" count="2"/>
      <line num="34" type="method" name="pure" visibility="public" complexity="2" crap="2" count="1"/>
      <line num="37" type="stmt" count="1"/>
      <line num="38" type="stmt" count="1"/>
      <line num="39" type="stmt" count="1"/>
      <line num="48" type="method" name="getNextId" visibility="public" complexity="2" crap="2" count="3"/>
      <line num="51" type="stmt" count="3"/>
      <line num="52" type="stmt" count="1"/>
      <line num="53" type="stmt" count="1"/>
      <line num="64" type="method" name="easy" visibility="public" complexity="2" crap="2" count="1"/>
      <line num="68" type="stmt" count="1"/>
      <line num="69" type="stmt" count="1"/>
      <line num="70" type="stmt" count="1"/>
      <line num="73" type="stmt" count="1"/>
      <metrics loc="72" ncloc="46" classes="1" methods="4" coveredmethods="4" conditionals="0" coveredconditionals="0" statements="11" coveredstatements="11" elements="15" coveredelements="15"/>
    </file>
    <file name="C:\xampp\htdocs\music-queuer\provider\MySql\MockDatabaseWrapper.php">
      <class name="Neoan3\Provider\MySql\MockDatabaseWrapper" namespace="global">
        <metrics complexity="32" methods="9" coveredmethods="9" conditionals="0" coveredconditionals="0" statements="69" coveredstatements="69" elements="78" coveredelements="78"/>
      </class>
      <line num="13" type="method" name="__construct" visibility="public" complexity="1" crap="1" count="16"/>
      <line num="15" type="stmt" count="16"/>
      <line num="16" type="stmt" count="16"/>
      <line num="17" type="stmt" count="16"/>
      <line num="19" type="method" name="registerResult" visibility="public" complexity="1" crap="1" count="14"/>
      <line num="21" type="stmt" count="14"/>
      <line num="22" type="stmt" count="14"/>
      <line num="24" type="method" name="easy" visibility="public" complexity="1" crap="1" count="2"/>
      <line num="26" type="stmt" count="2"/>
      <line num="27" type="stmt" count="2"/>
      <line num="28" type="stmt" count="2"/>
      <line num="30" type="method" name="smart" visibility="public" complexity="1" crap="1" count="11"/>
      <line num="32" type="stmt" count="11"/>
      <line num="33" type="stmt" count="11"/>
      <line num="34" type="stmt" count="11"/>
      <line num="36" type="method" name="mockModel" visibility="public" complexity="14" crap="14" count="13"/>
      <line num="38" type="stmt" count="13"/>
      <line num="39" type="stmt" count="13"/>
      <line num="40" type="stmt" count="13"/>
      <line num="41" type="stmt" count="13"/>
      <line num="42" type="stmt" count="13"/>
      <line num="43" type="stmt" count="13"/>
      <line num="44" type="stmt" count="13"/>
      <line num="45" type="stmt" count="13"/>
      <line num="46" type="stmt" count="13"/>
      <line num="48" type="stmt" count="10"/>
      <line num="50" type="stmt" count="13"/>
      <line num="51" type="stmt" count="13"/>
      <line num="52" type="stmt" count="13"/>
      <line num="53" type="stmt" count="13"/>
      <line num="54" type="stmt" count="13"/>
      <line num="55" type="stmt" count="13"/>
      <line num="56" type="stmt" count="13"/>
      <line num="57" type="stmt" count="13"/>
      <line num="58" type="stmt" count="13"/>
      <line num="61" type="stmt" count="10"/>
      <line num="62" type="stmt" count="10"/>
      <line num="64" type="stmt" count="13"/>
      <line num="65" type="stmt" count="13"/>
      <line num="66" type="stmt" count="13"/>
      <line num="67" type="stmt" count="10"/>
      <line num="68" type="stmt" count="10"/>
      <line num="69" type="stmt" count="10"/>
      <line num="71" type="stmt" count="10"/>
      <line num="73" type="stmt" count="10"/>
      <line num="75" type="stmt" count="13"/>
      <line num="76" type="stmt" count="13"/>
      <line num="77" type="stmt" count="13"/>
      <line num="79" type="stmt" count="10"/>
      <line num="84" type="stmt" count="13"/>
      <line num="92" type="method" name="mockGet" visibility="public" complexity="5" crap="5" count="11"/>
      <line num="94" type="stmt" count="11"/>
      <line num="95" type="stmt" count="11"/>
      <line num="96" type="stmt" count="11"/>
      <line num="98" type="stmt" count="11"/>
      <line num="99" type="stmt" count="11"/>
      <line num="100" type="stmt" count="8"/>
      <line num="101" type="stmt" count="8"/>
      <line num="104" type="stmt" count="11"/>
      <line num="107" type="stmt" count="11"/>
      <line num="109" type="stmt" count="11"/>
      <line num="117" type="method" name="mockUpdate" visibility="public" complexity="4" crap="4" count="5"/>
      <line num="119" type="stmt" count="5"/>
      <line num="120" type="stmt" count="5"/>
      <line num="121" type="stmt" count="3"/>
      <line num="122" type="stmt" count="3"/>
      <line num="126" type="stmt" count="5"/>
      <line num="128" type="stmt" count="5"/>
      <line num="131" type="method" name="mockFind" visibility="public" complexity="2" crap="2" count="1"/>
      <line num="133" type="stmt" count="1"/>
      <line num="134" type="stmt" count="1"/>
      <line num="136" type="method" name="mockDelete" visibility="public" complexity="3" crap="3" count="1"/>
      <line num="138" type="stmt" count="1"/>
      <line num="139" type="stmt" count="1"/>
      <line num="140" type="stmt" count="1"/>
      <line num="141" type="stmt" count="1"/>
      <line num="142" type="stmt" count="1"/>
      <line num="146" type="stmt" count="1"/>
      <line num="147" type="stmt" count="1"/>
      <metrics loc="146" ncloc="136" classes="1" methods="9" coveredmethods="9" conditionals="0" coveredconditionals="0" statements="69" coveredstatements="69" elements="78" coveredelements="78"/>
    </file>
    <file name="C:\xampp\htdocs\music-queuer\provider\MySql\Transform.php">
      <class name="Neoan3\Provider\MySql\Transform" namespace="global">
        <metrics complexity="63" methods="15" coveredmethods="15" conditionals="0" coveredconditionals="0" statements="119" coveredstatements="119" elements="134" coveredelements="134"/>
      </class>
      <line num="37" type="method" name="__construct" visibility="public" complexity="1" crap="1" count="14"/>
      <line num="39" type="stmt" count="14"/>
      <line num="40" type="stmt" count="14"/>
      <line num="41" type="stmt" count="14"/>
      <line num="42" type="stmt" count="14"/>
      <line num="49" type="method" name="formatResult" visibility="private" complexity="7" crap="7" count="10"/>
      <line num="51" type="stmt" count="10"/>
      <line num="53" type="stmt" count="10"/>
      <line num="54" type="stmt" count="3"/>
      <line num="55" type="stmt" count="3"/>
      <line num="57" type="stmt" count="3"/>
      <line num="60" type="stmt" count="10"/>
      <line num="61" type="stmt" count="1"/>
      <line num="63" type="stmt" count="10"/>
      <line num="66" type="stmt" count="10"/>
      <line num="72" type="method" name="getGenerator" visibility="public" complexity="2" crap="2" count="1"/>
      <line num="73" type="stmt" count="1"/>
      <line num="74" type="stmt" count="1"/>
      <line num="76" type="stmt" count="1"/>
      <line num="82" type="method" name="get" visibility="public" complexity="3" crap="3" count="10"/>
      <line num="84" type="stmt" count="10"/>
      <line num="85" type="stmt" count="10"/>
      <line num="87" type="stmt" count="10"/>
      <line num="88" type="stmt" count="10"/>
      <line num="89" type="stmt" count="10"/>
      <line num="91" type="stmt" count="10"/>
      <line num="92" type="stmt" count="10"/>
      <line num="94" type="stmt" count="10"/>
      <line num="101" type="method" name="create" visibility="public" complexity="4" crap="4" count="2"/>
      <line num="103" type="stmt" count="2"/>
      <line num="104" type="stmt" count="2"/>
      <line num="105" type="stmt" count="2"/>
      <line num="106" type="stmt" count="2"/>
      <line num="107" type="stmt" count="1"/>
      <line num="108" type="stmt" count="1"/>
      <line num="109" type="stmt" count="1"/>
      <line num="112" type="stmt" count="2"/>
      <line num="115" type="stmt" count="2"/>
      <line num="116" type="stmt" count="2"/>
      <line num="117" type="stmt" count="2"/>
      <line num="124" type="method" name="update" visibility="public" complexity="5" crap="5" count="3"/>
      <line num="126" type="stmt" count="3"/>
      <line num="127" type="stmt" count="3"/>
      <line num="128" type="stmt" count="3"/>
      <line num="129" type="stmt" count="2"/>
      <line num="130" type="stmt" count="2"/>
      <line num="131" type="stmt" count="2"/>
      <line num="132" type="stmt" count="2"/>
      <line num="134" type="stmt" count="1"/>
      <line num="136" type="stmt" count="2"/>
      <line num="139" type="stmt" count="3"/>
      <line num="142" type="stmt" count="3"/>
      <line num="143" type="stmt" count="3"/>
      <line num="151" type="method" name="delete" visibility="public" complexity="4" crap="4" count="1"/>
      <line num="153" type="stmt" count="1"/>
      <line num="155" type="stmt" count="1"/>
      <line num="157" type="stmt" count="1"/>
      <line num="158" type="stmt" count="1"/>
      <line num="159" type="stmt" count="1"/>
      <line num="160" type="stmt" count="1"/>
      <line num="164" type="stmt" count="1"/>
      <line num="172" type="method" name="find" visibility="public" complexity="7" crap="7" count="2"/>
      <line num="174" type="stmt" count="2"/>
      <line num="175" type="stmt" count="2"/>
      <line num="176" type="stmt" count="2"/>
      <line num="177" type="stmt" count="2"/>
      <line num="181" type="stmt" count="2"/>
      <line num="182" type="stmt" count="2"/>
      <line num="183" type="stmt" count="2"/>
      <line num="184" type="stmt" count="1"/>
      <line num="187" type="stmt" count="2"/>
      <line num="188" type="stmt" count="2"/>
      <line num="191" type="stmt" count="2"/>
      <line num="193" type="stmt" count="1"/>
      <line num="194" type="stmt" count="1"/>
      <line num="195" type="stmt" count="1"/>
      <line num="198" type="stmt" count="1"/>
      <line num="206" type="method" name="deleteRow" visibility="private" complexity="3" crap="3" count="1"/>
      <line num="208" type="stmt" count="1"/>
      <line num="209" type="stmt" count="1"/>
      <line num="211" type="stmt" count="1"/>
      <line num="213" type="stmt" count="1"/>
      <line num="220" type="method" name="validate" visibility="private" complexity="5" crap="5" count="5"/>
      <line num="222" type="stmt" count="5"/>
      <line num="223" type="stmt" count="5"/>
      <line num="224" type="stmt" count="5"/>
      <line num="225" type="stmt" count="5"/>
      <line num="226" type="stmt" count="5"/>
      <line num="227" type="stmt" count="5"/>
      <line num="228" type="stmt" count="5"/>
      <line num="230" type="stmt" count="5"/>
      <line num="234" type="stmt" count="5"/>
      <line num="240" type="method" name="readMigrate" visibility="private" complexity="1" crap="1" count="3"/>
      <line num="242" type="stmt" count="3"/>
      <line num="248" type="method" name="readSql" visibility="private" complexity="12" crap="12" count="10"/>
      <line num="250" type="stmt" count="10"/>
      <line num="251" type="stmt" count="10"/>
      <line num="252" type="stmt" count="10"/>
      <line num="253" type="stmt" count="10"/>
      <line num="254" type="stmt" count="10"/>
      <line num="255" type="stmt" count="10"/>
      <line num="256" type="stmt" count="7"/>
      <line num="258" type="stmt" count="10"/>
      <line num="259" type="stmt" count="10"/>
      <line num="260" type="stmt" count="10"/>
      <line num="261" type="stmt" count="10"/>
      <line num="262" type="stmt" count="10"/>
      <line num="263" type="stmt" count="10"/>
      <line num="264" type="stmt" count="10"/>
      <line num="265" type="stmt" count="10"/>
      <line num="266" type="stmt" count="10"/>
      <line num="267" type="stmt" count="7"/>
      <line num="269" type="stmt" count="10"/>
      <line num="271" type="stmt" count="10"/>
      <line num="272" type="stmt" count="10"/>
      <line num="277" type="stmt" count="10"/>
      <line num="284" type="method" name="cleanType" visibility="private" complexity="1" crap="1" count="10"/>
      <line num="286" type="stmt" count="10"/>
      <line num="294" type="method" name="duplicationCheck" visibility="private" complexity="3" crap="3" count="1"/>
      <line num="296" type="stmt" count="1"/>
      <line num="297" type="stmt" count="1"/>
      <line num="298" type="stmt" count="1"/>
      <line num="301" type="stmt" count="1"/>
      <line num="311" type="method" name="assignResult" visibility="private" complexity="5" crap="5" count="10"/>
      <line num="313" type="stmt" count="10"/>
      <line num="315" type="stmt" count="10"/>
      <line num="316" type="stmt" count="10"/>
      <line num="317" type="stmt" count="10"/>
      <line num="318" type="stmt" count="10"/>
      <line num="321" type="stmt" count="7"/>
      <line num="322" type="stmt" count="7"/>
      <line num="323" type="stmt" count="7"/>
      <line num="327" type="stmt" count="10"/>
      <line num="328" type="stmt" count="1"/>
      <metrics loc="327" ncloc="242" classes="1" methods="15" coveredmethods="15" conditionals="0" coveredconditionals="0" statements="119" coveredstatements="119" elements="134" coveredelements="134"/>
    </file>
    <metrics files="20" loc="1256" ncloc="980" classes="15" methods="71" coveredmethods="67" conditionals="0" coveredconditionals="0" statements="346" coveredstatements="341" elements="417" coveredelements="408"/>
  </project>
</coverage>
